<?xml version="1.0" encoding="UTF-8"?>
<!-- Generated by org.testng.reporters.JUnitReportReporter -->
<testsuite skipped="0" hostname="DESKTOP-6FGJCM3" name="api.RestAssured.Test02_POST" tests="1" failures="0" timestamp="2020-05-03T18:16:14 IST" time="4.464" errors="0">
  <testcase name="test_02" time="4.464" classname="api.RestAssured.Test02_POST"/>
  <system-out/>
</testsuite> <!-- api.RestAssured.Test02_POST -->
